Build started 14/12/2015 16:41:27.
     1>Project "E:\Documentos\GitHub\LearnSDL3\SDL Game 2 - Master - Handout\SDL Game.vcxproj" on node 2 (Build target(s)).
     1>ClCompile:
         C:\Program Files (x86)\Microsoft Visual Studio 12.0\VC\bin\CL.exe /c /ZI /nologo /W3 /WX- /sdl- /Od /Oy- /D _MBCS /Gm /EHsc /RTC1 /MDd /GS /fp:precise /Zc:wchar_t /Zc:forScope /Fo"Debug\\" /Fd"Debug\vc120.pdb" /Gd /TP /analyze- /errorReport:prompt ModuleCollision.cpp
         ModuleCollision.cpp
     1>e:\documentos\github\learnsdl3\sdl game 2 - master - handout\module.h(47): error C2146: syntax error : missing ';' before identifier 'PreUpdate'
     1>e:\documentos\github\learnsdl3\sdl game 2 - master - handout\module.h(47): error C2433: 'Module::update_status' : 'virtual' not permitted on data declarations
     1>e:\documentos\github\learnsdl3\sdl game 2 - master - handout\module.h(47): error C4430: missing type specifier - int assumed. Note: C++ does not support default-int
     1>e:\documentos\github\learnsdl3\sdl game 2 - master - handout\module.h(48): error C4430: missing type specifier - int assumed. Note: C++ does not support default-int
     1>e:\documentos\github\learnsdl3\sdl game 2 - master - handout\module.h(50): warning C4183: 'PreUpdate': missing return type; assumed to be a member function returning 'int'
     1>e:\documentos\github\learnsdl3\sdl game 2 - master - handout\module.h(52): error C2146: syntax error : missing ';' before identifier 'Update'
     1>e:\documentos\github\learnsdl3\sdl game 2 - master - handout\module.h(52): error C2433: 'Module::update_status' : 'virtual' not permitted on data declarations
     1>e:\documentos\github\learnsdl3\sdl game 2 - master - handout\module.h(52): error C4430: missing type specifier - int assumed. Note: C++ does not support default-int
     1>e:\documentos\github\learnsdl3\sdl game 2 - master - handout\module.h(53): error C4430: missing type specifier - int assumed. Note: C++ does not support default-int
     1>e:\documentos\github\learnsdl3\sdl game 2 - master - handout\module.h(55): warning C4183: 'Update': missing return type; assumed to be a member function returning 'int'
     1>e:\documentos\github\learnsdl3\sdl game 2 - master - handout\module.h(57): error C2146: syntax error : missing ';' before identifier 'PostUpdate'
     1>e:\documentos\github\learnsdl3\sdl game 2 - master - handout\module.h(57): error C2433: 'Module::update_status' : 'virtual' not permitted on data declarations
     1>e:\documentos\github\learnsdl3\sdl game 2 - master - handout\module.h(57): error C4430: missing type specifier - int assumed. Note: C++ does not support default-int
     1>e:\documentos\github\learnsdl3\sdl game 2 - master - handout\module.h(58): error C4430: missing type specifier - int assumed. Note: C++ does not support default-int
     1>e:\documentos\github\learnsdl3\sdl game 2 - master - handout\module.h(60): warning C4183: 'PostUpdate': missing return type; assumed to be a member function returning 'int'
     1>e:\documentos\github\learnsdl3\sdl game 2 - master - handout\module.h(49): error C2065: 'UPDATE_CONTINUE' : undeclared identifier
     1>e:\documentos\github\learnsdl3\sdl game 2 - master - handout\module.h(54): error C2065: 'UPDATE_CONTINUE' : undeclared identifier
     1>e:\documentos\github\learnsdl3\sdl game 2 - master - handout\module.h(59): error C2065: 'UPDATE_CONTINUE' : undeclared identifier
     1>Done Building Project "E:\Documentos\GitHub\LearnSDL3\SDL Game 2 - Master - Handout\SDL Game.vcxproj" (Build target(s)) -- FAILED.

Build FAILED.

Time Elapsed 00:00:00.20
